Log file open, 04/26/25 12:05:56
LogWindows: Failed to load 'aqProf.dll' (GetLastError=126)
LogWindows: File 'aqProf.dll' does not exist
LogWindows: Failed to load 'VtuneApi.dll' (GetLastError=126)
LogWindows: File 'VtuneApi.dll' does not exist
LogWindows: Failed to load 'VtuneApi32e.dll' (GetLastError=126)
LogWindows: File 'VtuneApi32e.dll' does not exist
LogInit: Display: Running engine for game: porgetto_AAA
LogPlatformFile: Not using cached read wrapper
LogTaskGraph: Started task graph with 5 named threads and 23 total threads with 3 sets of task threads.
LogStats: Stats thread started at 0.417272
LogD3D11RHI: Loaded GFSDK_Aftermath_Lib.x64.dll
LogICUInternationalization: Display: ICU TimeZone Detection - Raw Offset: +1:00, Platform Override: ''
LogPluginManager: Mounting plugin Paper2D
LogPluginManager: Mounting plugin AISupport
LogPluginManager: Mounting plugin LightPropagationVolume
LogPluginManager: Mounting plugin CLionSourceCodeAccess
LogPluginManager: Mounting plugin CodeLiteSourceCodeAccess
LogPluginManager: Mounting plugin GitSourceControl
LogPluginManager: Mounting plugin KDevelopSourceCodeAccess
LogPluginManager: Mounting plugin NullSourceCodeAccess
LogPluginManager: Mounting plugin PerforceSourceControl
LogPluginManager: Mounting plugin SubversionSourceControl
LogPluginManager: Mounting plugin UObjectPlugin
LogPluginManager: Mounting plugin VisualStudioCodeSourceCodeAccess
LogPluginManager: Mounting plugin VisualStudioSourceCodeAccess
LogPluginManager: Mounting plugin XCodeSourceCodeAccess
LogPluginManager: Mounting plugin AssetManagerEditor
LogPluginManager: Mounting plugin CryptoKeys
LogPluginManager: Mounting plugin DataValidation
LogPluginManager: Mounting plugin FacialAnimation
LogPluginManager: Mounting plugin GameplayTagsEditor
LogPluginManager: Mounting plugin MacGraphicsSwitching
LogPluginManager: Mounting plugin MeshEditor
LogPluginManager: Mounting plugin MobileLauncherProfileWizard
LogPluginManager: Mounting plugin PluginBrowser
LogPluginManager: Mounting plugin SpeedTreeImporter
LogPluginManager: Mounting plugin DatasmithContent
LogPluginManager: Mounting plugin AlembicImporter
LogPluginManager: Mounting plugin AppleImageUtils
LogPluginManager: Mounting plugin AppleVision
LogPluginManager: Mounting plugin BackChannel
LogPluginManager: Mounting plugin CharacterAI
LogPluginManager: Mounting plugin GeometryCache
LogPluginManager: Mounting plugin HTML5Networking
LogPluginManager: Mounting plugin ProxyLODPlugin
LogPluginManager: Mounting plugin MagicLeap
LogPluginManager: Mounting plugin MagicLeapEmulator
LogPluginManager: Mounting plugin MagicLeapMedia
LogPluginManager: Mounting plugin AndroidMedia
LogPluginManager: Mounting plugin AvfMedia
LogPluginManager: Mounting plugin ImgMedia
LogPluginManager: Mounting plugin LinearTimecode
LogPluginManager: Mounting plugin MediaCompositing
LogPluginManager: Mounting plugin MediaPlayerEditor
LogPluginManager: Mounting plugin WmfMedia
LogPluginManager: Mounting plugin TcpMessaging
LogPluginManager: Mounting plugin UdpMessaging
LogPluginManager: Mounting plugin ActorSequence
LogPluginManager: Mounting plugin LevelSequenceEditor
LogPluginManager: Mounting plugin MatineeToLevelSequence
LogPluginManager: Mounting plugin NetcodeUnitTest
LogPluginManager: Mounting plugin NUTUnrealEngine4
LogPluginManager: Mounting plugin OnlineSubsystemGooglePlay
LogPluginManager: Mounting plugin OnlineSubsystemIOS
LogPluginManager: Mounting plugin OnlineSubsystem
LogPluginManager: Mounting plugin OnlineSubsystemNull
LogPluginManager: Mounting plugin OnlineSubsystemUtils
LogPluginManager: Mounting plugin LauncherChunkInstaller
LogPluginManager: Mounting plugin AndroidDeviceProfileSelector
LogPluginManager: Mounting plugin AndroidMoviePlayer
LogPluginManager: Mounting plugin AndroidPermission
LogPluginManager: Mounting plugin AppleMoviePlayer
LogPluginManager: Mounting plugin ArchVisCharacter
LogPluginManager: Mounting plugin AudioCapture
LogPluginManager: Mounting plugin CableComponent
LogPluginManager: Mounting plugin CustomMeshComponent
LogPluginManager: Mounting plugin EditableMesh
LogPluginManager: Mounting plugin ExampleDeviceProfileSelector
LogPluginManager: Mounting plugin GoogleCloudMessaging
LogPluginManager: Mounting plugin ImmediatePhysics
LogPluginManager: Mounting plugin IOSDeviceProfileSelector
LogPluginManager: Mounting plugin LinuxDeviceProfileSelector
LogPluginManager: Mounting plugin LocationServicesBPLibrary
LogPluginManager: Mounting plugin MobilePatchingUtils
LogPluginManager: Mounting plugin OculusVR
LogPluginManager: Plugin shader directory ../../../Engine/Plugins/Runtime/Oculus/OculusVR/Shaders found
LogPluginManager: Mapping shader source directory ../../../Engine/Plugins/Runtime/Oculus/OculusVR/Shaders to virtual directory /Plugin/OculusVR
LogPluginManager: Mounting plugin PhysXVehicles
LogPluginManager: Mounting plugin ProceduralMeshComponent
LogPluginManager: Mounting plugin RuntimePhysXCooking
LogPluginManager: Mounting plugin SteamVR
LogPluginManager: Mounting plugin WindowsMoviePlayer
LogStreaming: Display: Took  0.255s to configure plugins.
LogInit: Using libcurl 7.55.1-DEV
LogInit:  - built for x86_64-pc-win32
LogInit:  - supports SSL with OpenSSL/1.0.2h
LogInit:  - supports HTTP deflate (compression) using libz 1.2.8
LogInit:  - other features:
LogInit:      CURL_VERSION_SSL
LogInit:      CURL_VERSION_LIBZ
LogInit:      CURL_VERSION_IPV6
LogInit:      CURL_VERSION_ASYNCHDNS
LogInit:      CURL_VERSION_LARGEFILE
LogInit:      CURL_VERSION_IDN
LogInit:  CurlRequestOptions (configurable via config and command line):
LogInit:  - bVerifyPeer = false  - Libcurl will NOT verify peer certificate
LogInit:  - bUseHttpProxy = false  - Libcurl will NOT use HTTP proxy
LogInit:  - bDontReuseConnections = false  - Libcurl will reuse connections
LogInit:  - CertBundlePath = nullptr  - Libcurl will use whatever was configured at build time.
LogInit:  - MaxHostConnections = 16  - Libcurl will limit the number of connections to a host
LogInit:  - LocalHostAddr = Default
LogInit:  - BufferSize = 65536
LogInit: WinSock: version 1.1 (2.2), MaxSocks=32767, MaxUdp=65467
LogInit: Build: ++UE4+Release-4.20-CL-4369336
LogInit: Engine Version: 4.20.3-4369336+++UE4+Release-4.20
LogInit: Compatible Engine Version: 4.20.0-4212847+++UE4+Release-4.20
LogInit: Net CL: 4212847
LogInit: OS: Windows 10 (), CPU: AMD Ryzen 5 3500U with Radeon Vega Mobile Gfx  , GPU: AMD Radeon(TM) Vega 8 Graphics
LogInit: Compiled (64-bit): Sep 17 2018 12:26:19
LogInit: Compiled with Visual C++: 19.13.26129.00
LogInit: Build Configuration: Development
LogInit: Branch Name: ++UE4+Release-4.20
LogInit: Command Line: 
LogInit: Base Directory: C:/Program Files/Epic Games/UE_4.20/Engine/Binaries/Win64/
LogInit: Installed Engine Build: 1
LogDevObjectVersion: Number of dev versions registered: 20
LogDevObjectVersion:   Dev-Blueprints (B0D832E4-1F89-4F0D-ACCF-7EB736FD4AA2): 10
LogDevObjectVersion:   Dev-Build (E1C64328-A22C-4D53-A36C-8E866417BD8C): 0
LogDevObjectVersion:   Dev-Core (375EC13C-06E4-48FB-B500-84F0262A717E): 2
LogDevObjectVersion:   Dev-Editor (E4B068ED-F494-42E9-A231-DA0B2E46BB41): 24
LogDevObjectVersion:   Dev-Framework (CFFC743F-43B0-4480-9391-14DF171D2073): 34
LogDevObjectVersion:   Dev-Mobile (B02B49B5-BB20-44E9-A304-32B752E40360): 2
LogDevObjectVersion:   Dev-Networking (A4E4105C-59A1-49B5-A7C5-40C4547EDFEE): 0
LogDevObjectVersion:   Dev-Online (39C831C9-5AE6-47DC-9A44-9C173E1C8E7C): 0
LogDevObjectVersion:   Dev-Physics (78F01B33-EBEA-4F98-B9B4-84EACCB95AA2): 0
LogDevObjectVersion:   Dev-Platform (6631380F-2D4D-43E0-8009-CF276956A95A): 0
LogDevObjectVersion:   Dev-Rendering (12F88B9F-8875-4AFC-A67C-D90C383ABD29): 26
LogDevObjectVersion:   Dev-Sequencer (7B5AE74C-D270-4C10-A958-57980B212A5A): 9
LogDevObjectVersion:   Dev-VR (D7296918-1DD6-4BDD-9DE2-64A83CC13884): 2
LogDevObjectVersion:   Dev-LoadTimes (C2A15278-BFE7-4AFE-6C17-90FF531DF755): 1
LogDevObjectVersion:   Private-Geometry (6EACA3D4-40EC-4CC1-B786-8BED09428FC5): 3
LogDevObjectVersion:   Dev-AnimPhys (29E575DD-E0A3-4627-9D10-D276232CDCEA): 17
LogDevObjectVersion:   Dev-ReflectionCapture (6B266CEC-1EC7-4B8F-A30B-E4D90942FC07): 1
LogDevObjectVersion:   Dev-Automation (0DF73D61-A23F-47EA-B727-89E90C41499A): 1
LogDevObjectVersion:   FortniteMain (601D1886-AC64-4F84-AA16-D3DE0DEAC7D6): 12
LogDevObjectVersion:   Dev-Enterprise (9DFFBCD6-494F-0158-E221-12823C92A888): 1
LogStreaming: Display: Took  0.004s to delete old logs.
LogInit: Presizing for max 8388607 objects, including 0 objects not considered by GC, pre-allocating 0 bytes for permanent pool.
LogInit: Object subsystem initialized
[2025.04.26-10.05.57:336][  0]LogInit: Selected Device Profile: [Windows]
[2025.04.26-10.05.57:336][  0]LogInit: Applying CVar settings loaded from the selected device profile: [Windows]
[2025.04.26-10.05.57:356][  0]LogHAL: Display: Platform has ~ 6 GB [6312697856 / 8589934592 / 6], which maps to Smaller [LargestMinGB=32, LargerMinGB=12, DefaultMinGB=8, SmallerMinGB=6, SmallestMinGB=0)
[2025.04.26-10.05.57:356][  0]LogInit: Setting Device Profile CVar: [[r.Vulkan.UseRealUBs:1]]
[2025.04.26-10.05.57:356][  0]LogInit: Going up to parent DeviceProfile []
[2025.04.26-10.05.57:356][  0]LogInit: Computer: LAPTOP-9O9RARBJ
[2025.04.26-10.05.57:356][  0]LogInit: User: utente
[2025.04.26-10.05.57:356][  0]LogInit: CPU Page size=4096, Cores=4
[2025.04.26-10.05.57:356][  0]LogInit: High frequency timer resolution =10.000000 MHz
[2025.04.26-10.05.57:357][  0]LogMemory: Memory total: Physical=5.9GB (6GB approx)
[2025.04.26-10.05.57:357][  0]LogMemory: Platform Memory Stats for Windows
[2025.04.26-10.05.57:357][  0]LogMemory: Process Physical Memory: 106.45 MB used, 106.45 MB peak
[2025.04.26-10.05.57:357][  0]LogMemory: Process Virtual Memory: 91.97 MB used, 91.97 MB peak
[2025.04.26-10.05.57:357][  0]LogMemory: Physical Memory: 4706.55 MB used,  1313.70 MB free, 6020.26 MB total
[2025.04.26-10.05.57:357][  0]LogMemory: Virtual Memory: 4639.03 MB used,  1313.70 MB free, 134217728.00 MB total
[2025.04.26-10.05.57:379][  0]LogInit: Using OS detected language (it-IT).
[2025.04.26-10.05.57:379][  0]LogInit: Using OS detected locale (it-IT).
[2025.04.26-10.05.57:381][  0]LogTextLocalizationManager: No specific localization for 'it-IT' exists, so the 'it' localization will be used.
[2025.04.26-10.05.57:383][  0]LogStreaming: Display: Took  0.003s to InitEngineTextLocalization.
[2025.04.26-10.05.57:383][  0]LogInit: Setting process to per monitor DPI aware
[2025.04.26-10.05.57:450][  0]LogSlate: New Slate User Created.  User Index 0, Is Virtual User: 0
[2025.04.26-10.05.57:450][  0]LogSlate: Slate User Registered.  User Index 0, Is Virtual User: 0
[2025.04.26-10.05.57:856][  0]LogHMD: Failed to initialize OpenVR with code 110
[2025.04.26-10.05.57:856][  0]LogD3D11RHI: D3D11 adapters:
[2025.04.26-10.05.57:911][  0]LogD3D11RHI:    0. 'AMD Radeon(TM) Vega 8 Graphics' (Feature Level 11_0)
[2025.04.26-10.05.57:911][  0]LogD3D11RHI:       2033/0/3010 MB DedicatedVideo/DedicatedSystem/SharedSystem, Outputs:1, VendorId:0x1002
[2025.04.26-10.05.57:916][  0]LogD3D11RHI:    1. 'Microsoft Basic Render Driver' (Feature Level 11_0)
[2025.04.26-10.05.57:916][  0]LogD3D11RHI:       0/0/3010 MB DedicatedVideo/DedicatedSystem/SharedSystem, Outputs:0, VendorId:0x1414
[2025.04.26-10.05.57:916][  0]LogD3D11RHI: Chosen D3D11 Adapter: 0
[2025.04.26-10.05.57:929][  0]LogD3D11RHI: Creating new Direct3DDevice
[2025.04.26-10.05.57:930][  0]LogD3D11RHI:     GPU DeviceId: 0x15d8 (for the marketing name, search the web for "GPU Device Id")
[2025.04.26-10.05.57:930][  0]LogWindows: EnumDisplayDevices:
[2025.04.26-10.05.57:930][  0]LogWindows:    0. 'AMD Radeon(TM) Vega 8 Graphics' (P:1 D:1)
[2025.04.26-10.05.57:931][  0]LogWindows:    1. 'AMD Radeon(TM) Vega 8 Graphics' (P:0 D:0)
[2025.04.26-10.05.57:932][  0]LogWindows:    2. 'AMD Radeon(TM) Vega 8 Graphics' (P:0 D:0)
[2025.04.26-10.05.57:933][  0]LogWindows:    3. 'AMD Radeon(TM) Vega 8 Graphics' (P:0 D:0)
[2025.04.26-10.05.57:933][  0]LogWindows: DebugString: FoundDriverCount:4 
[2025.04.26-10.05.57:933][  0]LogD3D11RHI:     Adapter Name: AMD Radeon(TM) Vega 8 Graphics
[2025.04.26-10.05.57:933][  0]LogD3D11RHI:   Driver Version: Adrenalin 19.40.46 (internal:26.20.14046.3, unified:26.20.14046.3)
[2025.04.26-10.05.57:933][  0]LogD3D11RHI:      Driver Date: 4-8-2020
[2025.04.26-10.05.57:933][  0]LogRHI: Texture pool is 1423 MB (70% of 2033 MB)
[2025.04.26-10.05.57:992][  0]LogD3D11RHI: Async texture creation enabled
[2025.04.26-10.05.58:007][  0]LogD3D11RHI: GPU Timing Frequency: 25.000000 (Debug: 2 1)
[2025.04.26-10.05.58:009][  0]LogShaderCompilers: Guid format shader working directory is -22 characters bigger than the processId version (../../../../../../Users/utente/Documents/Unreal Projects/porgetto_AAA/Intermediate/Shaders/WorkingDirectory/2156/).
[2025.04.26-10.05.58:009][  0]LogShaderCompilers: Cleaned the shader compiler working directory 'C:/Users/utente/AppData/Local/Temp/UnrealShaderWorkingDir/D61DC9A649B2C83DBDA0829F221D19B5/'.
[2025.04.26-10.05.58:506][  0]LogTemp: Display: Loaded TP AllDesktopTargetPlatform
[2025.04.26-10.05.58:530][  0]LogTemp: Display: Loaded TP MacClientTargetPlatform
[2025.04.26-10.05.58:548][  0]LogTemp: Display: Loaded TP MacNoEditorTargetPlatform
[2025.04.26-10.05.58:566][  0]LogTemp: Display: Loaded TP MacServerTargetPlatform
[2025.04.26-10.05.58:584][  0]LogTemp: Display: Loaded TP MacTargetPlatform
[2025.04.26-10.05.58:602][  0]LogTemp: Display: Loaded TP WindowsClientTargetPlatform
[2025.04.26-10.05.58:620][  0]LogTemp: Display: Loaded TP WindowsNoEditorTargetPlatform
[2025.04.26-10.05.58:646][  0]LogTemp: Display: Loaded TP WindowsServerTargetPlatform
[2025.04.26-10.05.58:654][  0]LogTemp: Display: Loaded TP WindowsTargetPlatform
[2025.04.26-10.05.58:765][  0]LogTemp: Display: Loaded TP AndroidTargetPlatform
[2025.04.26-10.05.58:765][  0]LogTemp: Display: Loaded TP AndroidTargetPlatform
[2025.04.26-10.05.58:765][  0]LogTemp: Display: Loaded TP AndroidTargetPlatform
[2025.04.26-10.05.58:765][  0]LogTemp: Display: Loaded TP AndroidTargetPlatform
[2025.04.26-10.05.58:765][  0]LogTemp: Display: Loaded TP AndroidTargetPlatform
[2025.04.26-10.05.58:765][  0]LogTemp: Display: Loaded TP AndroidTargetPlatform
[2025.04.26-10.05.58:765][  0]LogTemp: Display: Loaded TP AndroidTargetPlatform
[2025.04.26-10.05.58:765][  0]LogTemp: Display: Loaded TP AndroidTargetPlatform
[2025.04.26-10.05.58:765][  0]LogTemp: Display: Loaded TP AndroidTargetPlatform
[2025.04.26-10.05.58:765][  0]LogTemp: Display: Loaded TP AndroidTargetPlatform
[2025.04.26-10.05.58:765][  0]LogTemp: Display: Loaded TP AndroidTargetPlatform
[2025.04.26-10.05.58:765][  0]LogTemp: Display: Loaded TP AndroidTargetPlatform
[2025.04.26-10.05.58:765][  0]LogTemp: Display: Loaded TP AndroidTargetPlatform
[2025.04.26-10.05.58:765][  0]LogTemp: Display: Loaded TP AndroidTargetPlatform
[2025.04.26-10.05.58:765][  0]LogTemp: Display: Loaded TP AndroidTargetPlatform
[2025.04.26-10.05.58:765][  0]LogTemp: Display: Loaded TP AndroidTargetPlatform
[2025.04.26-10.05.58:765][  0]LogTemp: Display: Loaded TP AndroidTargetPlatform
[2025.04.26-10.05.58:765][  0]LogTemp: Display: Loaded TP AndroidTargetPlatform
[2025.04.26-10.05.58:768][  0]LogTemp: Display: Loaded TP HTML5TargetPlatform
[2025.04.26-10.05.58:846][  0]LogTemp: Display: Loaded TP IOSTargetPlatform
[2025.04.26-10.05.58:846][  0]LogTemp: Display: Loaded TP IOSTargetPlatform
[2025.04.26-10.05.58:886][  0]LogTemp: Display: Loaded TP TVOSTargetPlatform
[2025.04.26-10.05.58:886][  0]LogTemp: Display: Loaded TP TVOSTargetPlatform
[2025.04.26-10.05.58:907][  0]LogTemp: Display: Loaded TP LinuxClientTargetPlatform
[2025.04.26-10.05.58:928][  0]LogTemp: Display: Loaded TP LinuxNoEditorTargetPlatform
[2025.04.26-10.05.58:948][  0]LogTemp: Display: Loaded TP LinuxServerTargetPlatform
[2025.04.26-10.05.58:966][  0]LogTemp: Display: Loaded TP LinuxTargetPlatform
[2025.04.26-10.05.58:980][  0]LogTemp: Display: Loaded TP LuminTargetPlatform
[2025.04.26-10.05.58:980][  0]LogTargetPlatformManager: Display: Building Assets For Windows
[2025.04.26-10.05.59:060][  0]LogXGEController: Cannot use XGE Controller as Incredibuild is not installed on this machine.
[2025.04.26-10.05.59:060][  0]LogShaderCompilers: Cannot use XGE Shader Compiler as Incredibuild is not installed on this machine.
[2025.04.26-10.05.59:060][  0]LogShaderCompilers: Display: Using Local Shader Compiler.
[2025.04.26-10.06.00:024][  0]LogDerivedDataCache: Display: Max Cache Size: 512 MB
[2025.04.26-10.06.00:093][  0]LogDerivedDataCache: Loaded boot cache 0.07s 73MB C:/Users/utente/AppData/Local/UnrealEngine/4.20/DerivedDataCache/Boot.ddc.
[2025.04.26-10.06.00:093][  0]LogDerivedDataCache: Display: Loaded Boot cache: C:/Users/utente/AppData/Local/UnrealEngine/4.20/DerivedDataCache/Boot.ddc
[2025.04.26-10.06.00:093][  0]LogDerivedDataCache: FDerivedDataBackendGraph:  Pak pak cache file ../../../../../../Users/utente/Documents/Unreal Projects/porgetto_AAA/DerivedDataCache/DDC.ddp not found, will not use a pak cache.
[2025.04.26-10.06.00:093][  0]LogDerivedDataCache: Unable to find inner node Pak for hierarchical cache Hierarchy.
[2025.04.26-10.06.00:093][  0]LogDerivedDataCache: FDerivedDataBackendGraph:  CompressedPak pak cache file ../../../../../../Users/utente/Documents/Unreal Projects/porgetto_AAA/DerivedDataCache/Compressed.ddp not found, will not use a pak cache.
[2025.04.26-10.06.00:093][  0]LogDerivedDataCache: Unable to find inner node CompressedPak for hierarchical cache Hierarchy.
[2025.04.26-10.06.00:108][  0]LogDerivedDataCache: Display: Pak cache opened for reading ../../../Engine/DerivedDataCache/Compressed.ddp.
[2025.04.26-10.06.00:122][  0]LogDerivedDataCache: Using Local data cache path C:/Users/utente/AppData/Local/UnrealEngine/Common/DerivedDataCache: Writable
[2025.04.26-10.06.00:122][  0]LogDerivedDataCache: Shared data cache path not found in *engine.ini, will not use an Shared cache.
[2025.04.26-10.06.00:122][  0]LogDerivedDataCache: Unable to find inner node Shared for hierarchical cache Hierarchy.
[2025.04.26-10.06.00:149][  0]LogMaterial: Verifying Global Shaders for PCD3D_SM5
[2025.04.26-10.06.00:151][  0]LogSlate: Using FreeType 2.6.0
[2025.04.26-10.06.00:151][  0]LogSlate: SlateFontServices - WITH_FREETYPE: 1, WITH_HARFBUZZ: 1
[2025.04.26-10.06.00:242][  0]LogAssetRegistry: FAssetRegistry took 0.0278 seconds to start up
[2025.04.26-10.06.00:652][  0]LogInit: Selected Device Profile: [Windows]
[2025.04.26-10.06.00:819][  0]LogSimplygon: Simplygon DLL not present - disabling.
[2025.04.26-10.06.00:824][  0]LogMeshReduction: Using SimplygonSwarm for distributed automatic mesh merging
[2025.04.26-10.06.00:824][  0]LogMeshReduction: Using ProxyLODMeshReduction for automatic mesh merging
[2025.04.26-10.06.00:824][  0]LogMeshReduction: Using QuadricMeshReduction for automatic static mesh reduction
[2025.04.26-10.06.00:824][  0]LogMeshReduction: No automatic skeletal mesh reduction module available
[2025.04.26-10.06.00:851][  0]LogNetVersion: porgetto_AAA 1.0.0, NetCL: 4212847, EngineNetVer: 5, GameNetVer: 0 (Checksum: 1745448081)
[2025.04.26-10.06.01:672][  0]LogPackageLocalizationCache: Processed 11 localized package path(s) for 2 prioritized culture(s) in 0.206201 seconds
[2025.04.26-10.06.01:681][  0]LogUObjectArray: 38425 objects as part of root set at end of initial load.
[2025.04.26-10.06.01:681][  0]LogUObjectAllocator: 6690872 out of 0 bytes used by permanent object pool.
[2025.04.26-10.06.01:681][  0]LogUObjectArray: CloseDisregardForGC: 0/0 objects in disregard for GC pool
[2025.04.26-10.06.02:720][  0]LogTcpMessaging: Initializing TcpMessaging bridge
[2025.04.26-10.06.02:736][  0]LogUdpMessaging: Initializing bridge on interface 0.0.0.0:0 to multicast group 230.0.0.1:6666.
[2025.04.26-10.06.03:947][  0]SourceControl: Source control is disabled
[2025.04.26-10.06.03:947][  0]SourceControl: Source control is disabled
[2025.04.26-10.06.03:949][  0]SourceControl: Source control is disabled
[2025.04.26-10.06.03:951][  0]SourceControl: Source control is disabled
[2025.04.26-10.06.04:157][  0]LogAndroidPermission: UAndroidPermissionCallbackProxy::GetInstance
[2025.04.26-10.06.04:238][  0]LogOcInput: OculusInput pre-init called
[2025.04.26-10.06.04:312][  0]LogEngine: Initializing Engine...
[2025.04.26-10.06.04:314][  0]LogHMD: Failed to initialize OpenVR with code 110
[2025.04.26-10.06.04:315][  0]LogStats: UGameplayTagsManager::ConstructGameplayTagTree: ImportINI prefixes -  0.000 s
[2025.04.26-10.06.04:315][  0]LogStats: UGameplayTagsManager::ConstructGameplayTagTree: Construct from data asset -  0.000 s
[2025.04.26-10.06.04:316][  0]LogStats: UGameplayTagsManager::ConstructGameplayTagTree: ImportINI -  0.000 s
[2025.04.26-10.06.04:316][  0]LogStats: UGameplayTagsManager::ConstructGameplayTagTree: GameplayTagTreeChangedEvent.Broadcast -  0.000 s
[2025.04.26-10.06.04:590][  0]LogInit: Initializing FReadOnlyCVARCache
[2025.04.26-10.06.04:611][  0]LogAIModule: Creating AISystem for world Untitled
[2025.04.26-10.06.04:626][  0]LogInit: XAudio2 using 'Speakers (Realtek(R) Audio)' : 2 channels at 48 kHz using 32 bits per sample (channel mask 0x3)
[2025.04.26-10.06.04:819][  0]LogInit: FAudioDevice initialized.
[2025.04.26-10.06.04:819][  0]LogNetVersion: Set ProjectVersion to 1.0.0.0. Version Checksum will be recalculated on next use.
[2025.04.26-10.06.04:903][  0]LogDerivedDataCache: Saved boot cache 0.08s 73MB C:/Users/utente/AppData/Local/UnrealEngine/4.20/DerivedDataCache/Boot.ddc.
[2025.04.26-10.06.04:913][  0]LogInit: Texture streaming: Enabled
[2025.04.26-10.06.04:935][  0]LogEngineSessionManager: EngineSessionManager initialized
[2025.04.26-10.06.04:955][  0]LogInit: Transaction tracking system initialized
[2025.04.26-10.06.04:989][  0]BlueprintLog: New page: Editor Load
[2025.04.26-10.06.05:145][  0]LocalizationService: Localization service is disabled
[2025.04.26-10.06.05:218][  0]LogLinker: Warning: Can't find file '/Game/TopDownBP/TopDownOverview'
[2025.04.26-10.06.05:218][  0]LogLinker: Warning: Can't find file '/Game/TopDownBP/TopDownOverview'
[2025.04.26-10.06.05:218][  0]LogUObjectGlobals: Warning: Failed to find object 'Class /Game/TopDownBP/TopDownOverview.TopDownOverview_C'
[2025.04.26-10.06.05:493][  0]LogCook: Display: Max memory allowance for cook 16384mb min free memory 0mb
[2025.04.26-10.06.05:493][  0]LogCook: Display: Mobile HDR setting 1
[2025.04.26-10.06.05:494][  0]LogGameplayTags: Display: UGameplayTagsManager::DoneAddingNativeTags. DelegateIsBound: 0
[2025.04.26-10.06.05:494][  0]LogStats: UGameplayTagsManager::ConstructGameplayTagTree: ImportINI prefixes -  0.000 s
[2025.04.26-10.06.05:494][  0]LogStats: UGameplayTagsManager::ConstructGameplayTagTree: Construct from data asset -  0.000 s
[2025.04.26-10.06.05:494][  0]LogStats: UGameplayTagsManager::ConstructGameplayTagTree: ImportINI -  0.000 s
[2025.04.26-10.06.05:494][  0]LogStats: UGameplayTagsManager::ConstructGameplayTagTree: GameplayTagTreeChangedEvent.Broadcast -  0.000 s
[2025.04.26-10.06.05:662][  0]LogFileCache: Scanning file cache for directory 'C:/Users/utente/Documents/Unreal Projects/porgetto_AAA/Content/' took 0.02s
[2025.04.26-10.06.05:662][  0]SourceControl: Source control is disabled
[2025.04.26-10.06.05:662][  0]Cmd: MAP LOAD FILE="../../../../../../Users/utente/Documents/Unreal Projects/porgetto_AAA/Content/ThirdPersonCPP/Maps/ThirdPersonExampleMap.umap" TEMPLATE=0 SHOWPROGRESS=1 FEATURELEVEL=3
[2025.04.26-10.06.05:663][  0]LightingResults: New page: Lighting Build
[2025.04.26-10.06.05:665][  0]MapCheck: New page: Map Check
[2025.04.26-10.06.05:665][  0]LightingResults: New page: Lighting Build
[2025.04.26-10.06.06:030][  0]LogAIModule: Creating AISystem for world ThirdPersonExampleMap
[2025.04.26-10.06.06:073][  0]LogEditorServer: Finished looking for orphan Actors (0.000 secs)
[2025.04.26-10.06.06:103][  0]Cmd: MAP CHECKDEP NOCLEARLOG
[2025.04.26-10.06.06:225][  0]MapCheck: Map check complete: 0 Error(s), 0 Warning(s), took 121,183ms to complete.
[2025.04.26-10.06.06:225][  0]LogFileHelpers: Loading map 'ThirdPersonExampleMap' took 0.563
[2025.04.26-10.06.06:422][  0]LogSlate: Updating window title bar state: overlay mode, drag disabled, window buttons hidden, title bar hidden
[2025.04.26-10.06.06:440][  0]LogSlate: Updating window title bar state: overlay mode, drag disabled, window buttons hidden, title bar hidden
[2025.04.26-10.06.06:454][  0]LogSlate: Updating window title bar state: overlay mode, drag disabled, window buttons hidden, title bar hidden
[2025.04.26-10.06.06:467][  0]LogSlate: Updating window title bar state: overlay mode, drag disabled, window buttons hidden, title bar hidden
[2025.04.26-10.06.06:480][  0]LogCollectionManager: Loaded 0 collections in 0.003266 seconds
[2025.04.26-10.06.06:537][  0]LogFileCache: Scanning file cache for directory 'C:/Users/utente/Documents/Unreal Projects/porgetto_AAA/Saved/Collections/' took 0.01s
[2025.04.26-10.06.06:537][  0]LogFileCache: Scanning file cache for directory 'C:/Users/utente/Documents/Unreal Projects/porgetto_AAA/Content/Developers/utente/Collections/' took 0.01s
[2025.04.26-10.06.06:537][  0]LogFileCache: Scanning file cache for directory 'C:/Users/utente/Documents/Unreal Projects/porgetto_AAA/Content/Collections/' took 0.01s
[2025.04.26-10.06.06:537][  0]LogCollectionManager: Rebuilt the GUID cache for 0 collections in 0.000001 seconds
[2025.04.26-10.06.06:555][  0]LogContentBrowser: Native class hierarchy populated in 0.0166 seconds. Added 2574 classes and 605 folders.
[2025.04.26-10.06.06:565][  0]LogContentBrowser: Native class hierarchy updated for 'WidgetCarousel' in 0.0006 seconds. Added 0 classes and 0 folders.
[2025.04.26-10.06.06:795][  0]LogContentBrowser: Native class hierarchy updated for 'AddContentDialog' in 0.0006 seconds. Added 0 classes and 0 folders.
[2025.04.26-10.06.06:865][  0]LogContentBrowser: Native class hierarchy updated for 'SceneOutliner' in 0.0008 seconds. Added 1 classes and 2 folders.
[2025.04.26-10.06.07:084][  0]LogSlate: Took 0.000268 seconds to synchronously load lazily loaded font '../../../Engine/Content/Slate/Fonts/Roboto-Regular.ttf' (155K)
[2025.04.26-10.06.07:087][  0]LogSlate: Took 0.000260 seconds to synchronously load lazily loaded font '../../../Engine/Content/Slate/Fonts/Roboto-Bold.ttf' (160K)
[2025.04.26-10.06.07:102][  0]LogSlate: Took 0.001315 seconds to synchronously load lazily loaded font '../../../Engine/Content/Editor/Slate/Fonts/FontAwesome.ttf' (139K)
[2025.04.26-10.06.07:104][  0]LogSlate: Took 0.000997 seconds to synchronously load lazily loaded font '../../../Engine/Content/Slate/Fonts/DroidSansMono.ttf' (77K)
[2025.04.26-10.06.07:262][  0]LogRenderer: Reallocating scene render targets to support 1368x460 Format 10 NumSamples 1 (Frame:1).
[2025.04.26-10.06.07:544][  0]LogContentBrowser: Native class hierarchy updated for 'HierarchicalLODOutliner' in 0.0006 seconds. Added 0 classes and 0 folders.
[2025.04.26-10.06.07:544][  0]LogLoad: (Engine Initialization) Total time: 12.75 seconds
[2025.04.26-10.06.07:544][  0]LogLoad: (Engine Initialization) Total Blueprint compile time: 0.00 seconds
[2025.04.26-10.06.07:604][  0]LogContentStreaming: Texture pool size now 1000 MB
[2025.04.26-10.06.07:689][  2]LogAssetRegistry: Asset discovery search completed in 7.4690 seconds
[2025.04.26-10.06.07:692][  2]LogCollectionManager: Rebuilt the object cache for 0 collections in 0.000000 seconds (found 0 objects)
[2025.04.26-10.06.07:693][  2]LogCollectionManager: Fixed up redirectors for 0 collections in 0.000382 seconds (updated 0 objects)
[2025.04.26-10.06.17:460][ 32]LogSlate: FSceneViewport::OnFocusLost() reason 0
[2025.04.26-10.06.17:701][ 32]LogTemp: Repeating last play command: Selected Viewport
[2025.04.26-10.06.17:714][ 32]LogBlueprintUserMessages: Early PlayInEditor Detection: Level '/Game/ThirdPersonCPP/Maps/ThirdPersonExampleMap.ThirdPersonExampleMap:PersistentLevel' has LevelScriptBlueprint '/Game/ThirdPersonCPP/Maps/ThirdPersonExampleMap.ThirdPersonExampleMap:PersistentLevel.ThirdPersonExampleMap' with GeneratedClass '/Game/ThirdPersonCPP/Maps/ThirdPersonExampleMap.ThirdPersonExampleMap_C' with ClassGeneratedBy '/Game/ThirdPersonCPP/Maps/ThirdPersonExampleMap.ThirdPersonExampleMap:PersistentLevel.ThirdPersonExampleMap'
[2025.04.26-10.06.17:716][ 32]LogPlayLevel: PlayLevel: No blueprints needed recompiling
[2025.04.26-10.06.17:743][ 32]PIE: New page: PIE session: ThirdPersonExampleMap (26/apr/2025 14:06:17)
[2025.04.26-10.06.17:743][ 32]LogPlayLevel: Creating play world package: /Game/ThirdPersonCPP/Maps/UEDPIE_0_ThirdPersonExampleMap
[2025.04.26-10.06.17:797][ 32]LogPlayLevel: PIE: StaticDuplicateObject took: (0.053218s)
[2025.04.26-10.06.17:799][ 32]LogAIModule: Creating AISystem for world ThirdPersonExampleMap
[2025.04.26-10.06.17:800][ 32]LogPlayLevel: PIE: World Init took: (0.002256s)
[2025.04.26-10.06.17:801][ 32]LogPlayLevel: PIE: Created PIE world by copying editor world from /Game/ThirdPersonCPP/Maps/ThirdPersonExampleMap.ThirdPersonExampleMap to /Game/ThirdPersonCPP/Maps/UEDPIE_0_ThirdPersonExampleMap.ThirdPersonExampleMap (0.056942s)
[2025.04.26-10.06.17:840][ 32]LogInit: XAudio2 using 'Speakers (Realtek(R) Audio)' : 2 channels at 48 kHz using 32 bits per sample (channel mask 0x3)
[2025.04.26-10.06.17:867][ 32]LogInit: FAudioDevice initialized.
[2025.04.26-10.06.17:920][ 32]LogLoad: Game class is 'porgetto_AAAGameMode'
[2025.04.26-10.06.17:931][ 32]LogWorld: Bringing World /Game/ThirdPersonCPP/Maps/UEDPIE_0_ThirdPersonExampleMap.ThirdPersonExampleMap up for play (max tick rate 60) at 2025.04.26-12.06.17
[2025.04.26-10.06.17:935][ 32]LogWorld: Bringing up level for play took: 0.007579
[2025.04.26-10.06.17:972][ 32]LogContentBrowser: Native class hierarchy updated for 'MovieSceneCapture' in 0.0007 seconds. Added 10 classes and 0 folders.
[2025.04.26-10.06.17:974][ 32]PIE: Play in editor start time for /Game/ThirdPersonCPP/Maps/UEDPIE_0_ThirdPersonExampleMap 0,691
[2025.04.26-10.06.17:974][ 32]LogBlueprintUserMessages: Late PlayInEditor Detection: Level '/Game/ThirdPersonCPP/Maps/ThirdPersonExampleMap.ThirdPersonExampleMap:PersistentLevel' has LevelScriptBlueprint '/Game/ThirdPersonCPP/Maps/ThirdPersonExampleMap.ThirdPersonExampleMap:PersistentLevel.ThirdPersonExampleMap' with GeneratedClass '/Game/ThirdPersonCPP/Maps/ThirdPersonExampleMap.ThirdPersonExampleMap_C' with ClassGeneratedBy '/Game/ThirdPersonCPP/Maps/ThirdPersonExampleMap.ThirdPersonExampleMap:PersistentLevel.ThirdPersonExampleMap'
[2025.04.26-10.06.33:497][797]LogBlueprintUserMessages: Early EndPlayMap Detection: Level '/Game/ThirdPersonCPP/Maps/ThirdPersonExampleMap.ThirdPersonExampleMap:PersistentLevel' has LevelScriptBlueprint '/Game/ThirdPersonCPP/Maps/ThirdPersonExampleMap.ThirdPersonExampleMap:PersistentLevel.ThirdPersonExampleMap' with GeneratedClass '/Game/ThirdPersonCPP/Maps/ThirdPersonExampleMap.ThirdPersonExampleMap_C' with ClassGeneratedBy '/Game/ThirdPersonCPP/Maps/ThirdPersonExampleMap.ThirdPersonExampleMap:PersistentLevel.ThirdPersonExampleMap'
[2025.04.26-10.06.33:512][797]LogSlate: Updating window title bar state: overlay mode, drag disabled, window buttons hidden, title bar hidden
[2025.04.26-10.06.33:594][797]LogPlayLevel: Display: Shutting down PIE online subsystems
[2025.04.26-10.06.33:594][797]LogBlueprintUserMessages: Late EndPlayMap Detection: Level '/Game/ThirdPersonCPP/Maps/ThirdPersonExampleMap.ThirdPersonExampleMap:PersistentLevel' has LevelScriptBlueprint '/Game/ThirdPersonCPP/Maps/ThirdPersonExampleMap.ThirdPersonExampleMap:PersistentLevel.ThirdPersonExampleMap' with GeneratedClass '/Game/ThirdPersonCPP/Maps/ThirdPersonExampleMap.ThirdPersonExampleMap_C' with ClassGeneratedBy '/Game/ThirdPersonCPP/Maps/ThirdPersonExampleMap.ThirdPersonExampleMap:PersistentLevel.ThirdPersonExampleMap'
[2025.04.26-10.06.33:626][797]LogSlate: Updating window title bar state: overlay mode, drag disabled, window buttons hidden, title bar hidden
[2025.04.26-10.06.33:718][798]LogPlayLevel: Display: Destroying online subsystem :Context_1
[2025.04.26-10.07.43:253][554]LogSlate: FSceneViewport::OnFocusLost() reason 0
[2025.04.26-10.07.43:346][558]LogVSAccessor: Warning: Couldn't access Visual Studio
[2025.04.26-10.07.43:373][558]Candidate modules for hot reload:
[2025.04.26-10.07.43:373][558]  porgetto_AAA
[2025.04.26-10.07.43:374][558]Launching UnrealBuildTool... [C:/Program Files/Epic Games/UE_4.20/Engine/Binaries/DotNET/UnrealBuildTool.exe  -ModuleWithSuffix=porgetto_AAA,2091 Win64 Development -TargetType=Editor -Project="../../../../../../Users/utente/Documents/Unreal Projects/porgetto_AAA/porgetto_AAA.uproject" -canskiplink "C:/Users/utente/Documents/Unreal Projects/porgetto_AAA/porgetto_AAA.uproject" ]
[2025.04.26-10.07.43:393][558]Warning: Starting HotReload took  0.0s.
[2025.04.26-10.08.04:933][407]CompilerResultsLog: New page: Compilation - 26/apr/2025 14:08:04
[2025.04.26-10.08.04:934][407]CompilerResultsLog: Compiling game modules for hot reload
[2025.04.26-10.08.04:935][407]CompilerResultsLog: Building 3 actions with 8 processes...
[2025.04.26-10.08.04:935][407]CompilerResultsLog:   [1/3] porgetto_AAACharacter.cpp
[2025.04.26-10.08.04:935][407]CompilerResultsLog:   [2/3] UE4Editor-porgetto_AAA-2091.lib
[2025.04.26-10.08.04:936][407]CompilerResultsLog:      Creazione della libreria C:\Users\utente\Documents\Unreal Projects\porgetto_AAA\Intermediate\Build\Win64\UE4Editor\Development\porgetto_AAA\UE4Editor-porgetto_AAA-2091.lib e dell'oggetto C:\Users\utente\Documents\Unreal Projects\porgetto_AAA\Intermediate\Build\Win64\UE4Editor\Development\porgetto_AAA\UE4Editor-porgetto_AAA-2091.exp
[2025.04.26-10.08.04:937][407]CompilerResultsLog:   [3/3] UE4Editor-porgetto_AAA-2091.dll
[2025.04.26-10.08.04:937][407]CompilerResultsLog:      Creazione della libreria C:\Users\utente\Documents\Unreal Projects\porgetto_AAA\Intermediate\Build\Win64\UE4Editor\Development\porgetto_AAA\UE4Editor-porgetto_AAA-2091.suppressed.lib e dell'oggetto C:\Users\utente\Documents\Unreal Projects\porgetto_AAA\Intermediate\Build\Win64\UE4Editor\Development\porgetto_AAA\UE4Editor-porgetto_AAA-2091.suppressed.exp
[2025.04.26-10.08.04:938][407]CompilerResultsLog: Total build time: 20,96 seconds (Parallel executor: 12,54 seconds)
[2025.04.26-10.08.04:939][407]LogMainFrame: MainFrame: Module compiling took 21.593 seconds
[2025.04.26-10.08.05:919][407]LogContentBrowser: Native class hierarchy updated for 'porgetto_AAA' in 0.0007 seconds. Added 2 classes and 2 folders.
[2025.04.26-10.08.05:924][407]Display: HotReload successful (0 functions remapped  0 scriptstructs remapped)
[2025.04.26-10.08.06:070][407]LogContentBrowser: Native class hierarchy populated in 0.0147 seconds. Added 2575 classes and 607 folders.
[2025.04.26-10.08.06:075][407]Display: HotReload took 22.7s.
[2025.04.26-10.08.21:068][188]LogTemp: Repeating last play command: Selected Viewport
[2025.04.26-10.08.21:089][188]LogBlueprintUserMessages: Early PlayInEditor Detection: Level '/Game/ThirdPersonCPP/Maps/ThirdPersonExampleMap.ThirdPersonExampleMap:PersistentLevel' has LevelScriptBlueprint '/Game/ThirdPersonCPP/Maps/ThirdPersonExampleMap.ThirdPersonExampleMap:PersistentLevel.ThirdPersonExampleMap' with GeneratedClass '/Game/ThirdPersonCPP/Maps/ThirdPersonExampleMap.ThirdPersonExampleMap_C' with ClassGeneratedBy '/Game/ThirdPersonCPP/Maps/ThirdPersonExampleMap.ThirdPersonExampleMap:PersistentLevel.ThirdPersonExampleMap'
[2025.04.26-10.08.21:091][188]LogPlayLevel: PlayLevel: No blueprints needed recompiling
[2025.04.26-10.08.21:091][188]PIE: New page: PIE session: ThirdPersonExampleMap (26/apr/2025 14:08:21)
[2025.04.26-10.08.21:091][188]LogPlayLevel: Creating play world package: /Game/ThirdPersonCPP/Maps/UEDPIE_0_ThirdPersonExampleMap
[2025.04.26-10.08.21:117][188]LogPlayLevel: PIE: StaticDuplicateObject took: (0.025418s)
[2025.04.26-10.08.21:118][188]LogAIModule: Creating AISystem for world ThirdPersonExampleMap
[2025.04.26-10.08.21:119][188]LogPlayLevel: PIE: World Init took: (0.001748s)
[2025.04.26-10.08.21:119][188]LogPlayLevel: PIE: Created PIE world by copying editor world from /Game/ThirdPersonCPP/Maps/ThirdPersonExampleMap.ThirdPersonExampleMap to /Game/ThirdPersonCPP/Maps/UEDPIE_0_ThirdPersonExampleMap.ThirdPersonExampleMap (0.027988s)
[2025.04.26-10.08.21:153][188]LogInit: XAudio2 using 'Speakers (Realtek(R) Audio)' : 2 channels at 48 kHz using 32 bits per sample (channel mask 0x3)
[2025.04.26-10.08.21:182][188]LogInit: FAudioDevice initialized.
[2025.04.26-10.08.21:215][188]LogLoad: Game class is 'porgetto_AAAGameMode'
[2025.04.26-10.08.21:218][188]LogWorld: Bringing World /Game/ThirdPersonCPP/Maps/UEDPIE_0_ThirdPersonExampleMap.ThirdPersonExampleMap up for play (max tick rate 60) at 2025.04.26-12.08.21
[2025.04.26-10.08.21:219][188]LogWorld: Bringing up level for play took: 0.003009
[2025.04.26-10.08.21:232][188]PIE: Play in editor start time for /Game/ThirdPersonCPP/Maps/UEDPIE_0_ThirdPersonExampleMap -0,051
[2025.04.26-10.08.21:233][188]LogBlueprintUserMessages: Late PlayInEditor Detection: Level '/Game/ThirdPersonCPP/Maps/ThirdPersonExampleMap.ThirdPersonExampleMap:PersistentLevel' has LevelScriptBlueprint '/Game/ThirdPersonCPP/Maps/ThirdPersonExampleMap.ThirdPersonExampleMap:PersistentLevel.ThirdPersonExampleMap' with GeneratedClass '/Game/ThirdPersonCPP/Maps/ThirdPersonExampleMap.ThirdPersonExampleMap_C' with ClassGeneratedBy '/Game/ThirdPersonCPP/Maps/ThirdPersonExampleMap.ThirdPersonExampleMap:PersistentLevel.ThirdPersonExampleMap'
[2025.04.26-10.08.49:008][842]LogBlueprintUserMessages: Early EndPlayMap Detection: Level '/Game/ThirdPersonCPP/Maps/ThirdPersonExampleMap.ThirdPersonExampleMap:PersistentLevel' has LevelScriptBlueprint '/Game/ThirdPersonCPP/Maps/ThirdPersonExampleMap.ThirdPersonExampleMap:PersistentLevel.ThirdPersonExampleMap' with GeneratedClass '/Game/ThirdPersonCPP/Maps/ThirdPersonExampleMap.ThirdPersonExampleMap_C' with ClassGeneratedBy '/Game/ThirdPersonCPP/Maps/ThirdPersonExampleMap.ThirdPersonExampleMap:PersistentLevel.ThirdPersonExampleMap'
[2025.04.26-10.08.49:010][842]LogSlate: Updating window title bar state: overlay mode, drag disabled, window buttons hidden, title bar hidden
[2025.04.26-10.08.49:051][842]LogPlayLevel: Display: Shutting down PIE online subsystems
[2025.04.26-10.08.49:051][842]LogBlueprintUserMessages: Late EndPlayMap Detection: Level '/Game/ThirdPersonCPP/Maps/ThirdPersonExampleMap.ThirdPersonExampleMap:PersistentLevel' has LevelScriptBlueprint '/Game/ThirdPersonCPP/Maps/ThirdPersonExampleMap.ThirdPersonExampleMap:PersistentLevel.ThirdPersonExampleMap' with GeneratedClass '/Game/ThirdPersonCPP/Maps/ThirdPersonExampleMap.ThirdPersonExampleMap_C' with ClassGeneratedBy '/Game/ThirdPersonCPP/Maps/ThirdPersonExampleMap.ThirdPersonExampleMap:PersistentLevel.ThirdPersonExampleMap'
[2025.04.26-10.08.49:076][842]LogSlate: Updating window title bar state: overlay mode, drag disabled, window buttons hidden, title bar hidden
[2025.04.26-10.08.49:146][843]LogPlayLevel: Display: Destroying online subsystem :Context_2
[2025.04.26-10.10.16:309][442]LogSlate: FSceneViewport::OnFocusLost() reason 2
[2025.04.26-10.10.18:676][546]LogSlate: FSceneViewport::OnFocusLost() reason 2
[2025.04.26-10.10.20:119][546]LogSlate: Only BGRA pngs, bmps or icos are supported in by External Image Picker
[2025.04.26-10.10.20:243][547]LogTemp: Executing iPhonePackager certificates Engine -bundlename com.YourCompany.porgettoAAA
[2025.04.26-10.10.20:244][547]LogTemp: CWD: C:\Program Files\Epic Games\UE_4.20\Engine\Binaries\DotNET\IOS
[2025.04.26-10.10.20:244][547]LogTemp: Initial Dir: C:\Program Files\Epic Games\UE_4.20
[2025.04.26-10.10.20:244][547]LogTemp: Env CWD: C:\Program Files\Epic Games\UE_4.20\Engine\Binaries\DotNET\IOS
[2025.04.26-10.10.20:244][547]LogTemp: BranchPath = LAPTOP-9O9RARBJ/C/Program Files/Epic Games/UE_4.20/Engine/Binaries --- GameBranchPath = LAPTOP-9O9RARBJ/C/Program Files/Epic Games/UE_4.20/Engine/Binaries
[2025.04.26-10.10.20:281][548]LogTemp: IPP ERROR: Could not find provision directory 'C:\Users\utente\AppData\Local/Apple Computer/MobileDevice/Provisioning Profiles/'.
[2025.04.26-10.10.46:752][ 77]LogSlate: Window 'Project Settings' being destroyed
[2025.04.26-10.10.46:781][ 77]LogSlate: Window 'Project Settings' being destroyed
[2025.04.26-10.10.48:332][151]LogSlate: FSceneViewport::OnFocusLost() reason 0
[2025.04.26-10.10.48:441][156]LogVSAccessor: Warning: Couldn't access Visual Studio
[2025.04.26-10.10.48:462][156]Candidate modules for hot reload:
[2025.04.26-10.10.48:462][156]  porgetto_AAA
[2025.04.26-10.10.48:463][156]Launching UnrealBuildTool... [C:/Program Files/Epic Games/UE_4.20/Engine/Binaries/DotNET/UnrealBuildTool.exe  -ModuleWithSuffix=porgetto_AAA,4127 Win64 Development -TargetType=Editor -Project="../../../../../../Users/utente/Documents/Unreal Projects/porgetto_AAA/porgetto_AAA.uproject" -canskiplink "C:/Users/utente/Documents/Unreal Projects/porgetto_AAA/porgetto_AAA.uproject" ]
[2025.04.26-10.10.48:478][156]Warning: Starting HotReload took  0.0s.
[2025.04.26-10.11.06:905][924]CompilerResultsLog: New page: Compilation - 26/apr/2025 14:11:06
[2025.04.26-10.11.06:905][924]CompilerResultsLog: Creating makefile for hot reloading porgetto_AAAEditor (ini files are newer than UBTMakefile)
[2025.04.26-10.11.06:907][924]CompilerResultsLog: Compiling game modules for hot reload
[2025.04.26-10.11.06:907][924]CompilerResultsLog: Using Visual Studio 2017 14.41.34120 toolchain (C:\Program Files (x86)\Microsoft Visual Studio\2022\BuildTools\VC\Tools\MSVC\14.41.34120) and Windows 10.0.22621.0 SDK (C:\Program Files (x86)\Windows Kits\10).
[2025.04.26-10.11.06:908][924]CompilerResultsLog: Target is up to date
[2025.04.26-10.11.06:908][924]CompilerResultsLog: Total build time: 17,92 seconds (NoActionsToExecute executor: 0,00 seconds)
[2025.04.26-10.11.06:909][924]LogMainFrame: MainFrame: Module compiling took 18.467 seconds
[2025.04.26-10.11.06:964][924]LogContentBrowser: Native class hierarchy populated in 0.0161 seconds. Added 2575 classes and 607 folders.
[2025.04.26-10.11.06:965][924]Display: HotReload took 18.5s.
[2025.04.26-10.11.09:749][ 35]LogTemp: Repeating last play command: Selected Viewport
[2025.04.26-10.11.09:767][ 35]LogBlueprintUserMessages: Early PlayInEditor Detection: Level '/Game/ThirdPersonCPP/Maps/ThirdPersonExampleMap.ThirdPersonExampleMap:PersistentLevel' has LevelScriptBlueprint '/Game/ThirdPersonCPP/Maps/ThirdPersonExampleMap.ThirdPersonExampleMap:PersistentLevel.ThirdPersonExampleMap' with GeneratedClass '/Game/ThirdPersonCPP/Maps/ThirdPersonExampleMap.ThirdPersonExampleMap_C' with ClassGeneratedBy '/Game/ThirdPersonCPP/Maps/ThirdPersonExampleMap.ThirdPersonExampleMap:PersistentLevel.ThirdPersonExampleMap'
[2025.04.26-10.11.09:768][ 35]LogPlayLevel: PlayLevel: No blueprints needed recompiling
[2025.04.26-10.11.09:769][ 35]PIE: New page: PIE session: ThirdPersonExampleMap (26/apr/2025 14:11:09)
[2025.04.26-10.11.09:769][ 35]LogPlayLevel: Creating play world package: /Game/ThirdPersonCPP/Maps/UEDPIE_0_ThirdPersonExampleMap
[2025.04.26-10.11.09:789][ 35]LogPlayLevel: PIE: StaticDuplicateObject took: (0.018963s)
[2025.04.26-10.11.09:791][ 35]LogAIModule: Creating AISystem for world ThirdPersonExampleMap
[2025.04.26-10.11.09:791][ 35]LogPlayLevel: PIE: World Init took: (0.002295s)
[2025.04.26-10.11.09:792][ 35]LogPlayLevel: PIE: Created PIE world by copying editor world from /Game/ThirdPersonCPP/Maps/ThirdPersonExampleMap.ThirdPersonExampleMap to /Game/ThirdPersonCPP/Maps/UEDPIE_0_ThirdPersonExampleMap.ThirdPersonExampleMap (0.022530s)
[2025.04.26-10.11.09:831][ 35]LogInit: XAudio2 using 'Speakers (Realtek(R) Audio)' : 2 channels at 48 kHz using 32 bits per sample (channel mask 0x3)
[2025.04.26-10.11.09:860][ 35]LogInit: FAudioDevice initialized.
[2025.04.26-10.11.09:900][ 35]LogLoad: Game class is 'porgetto_AAAGameMode'
[2025.04.26-10.11.09:904][ 35]LogWorld: Bringing World /Game/ThirdPersonCPP/Maps/UEDPIE_0_ThirdPersonExampleMap.ThirdPersonExampleMap up for play (max tick rate 60) at 2025.04.26-12.11.09
[2025.04.26-10.11.09:905][ 35]LogWorld: Bringing up level for play took: 0.003569
[2025.04.26-10.11.09:919][ 35]PIE: Play in editor start time for /Game/ThirdPersonCPP/Maps/UEDPIE_0_ThirdPersonExampleMap 0,635
[2025.04.26-10.11.09:919][ 35]LogBlueprintUserMessages: Late PlayInEditor Detection: Level '/Game/ThirdPersonCPP/Maps/ThirdPersonExampleMap.ThirdPersonExampleMap:PersistentLevel' has LevelScriptBlueprint '/Game/ThirdPersonCPP/Maps/ThirdPersonExampleMap.ThirdPersonExampleMap:PersistentLevel.ThirdPersonExampleMap' with GeneratedClass '/Game/ThirdPersonCPP/Maps/ThirdPersonExampleMap.ThirdPersonExampleMap_C' with ClassGeneratedBy '/Game/ThirdPersonCPP/Maps/ThirdPersonExampleMap.ThirdPersonExampleMap:PersistentLevel.ThirdPersonExampleMap'
[2025.04.26-10.11.13:747][206]LogTemp: salve !!!!!!!!!!!!!!
[2025.04.26-10.11.14:157][228]LogTemp: salve !!!!!!!!!!!!!!
[2025.04.26-10.11.14:390][242]LogTemp: salve !!!!!!!!!!!!!!
[2025.04.26-10.11.15:249][292]LogTemp: salve !!!!!!!!!!!!!!
[2025.04.26-10.11.15:433][303]LogTemp: salve !!!!!!!!!!!!!!
[2025.04.26-10.11.15:615][314]LogTemp: salve !!!!!!!!!!!!!!
[2025.04.26-10.11.15:800][325]LogTemp: salve !!!!!!!!!!!!!!
[2025.04.26-10.11.16:341][355]LogTemp: salve !!!!!!!!!!!!!!
[2025.04.26-10.11.16:525][366]LogTemp: salve !!!!!!!!!!!!!!
[2025.04.26-10.11.16:708][377]LogTemp: salve !!!!!!!!!!!!!!
[2025.04.26-10.11.16:876][387]LogTemp: salve !!!!!!!!!!!!!!
[2025.04.26-10.11.17:058][398]LogTemp: salve !!!!!!!!!!!!!!
[2025.04.26-10.11.17:358][416]LogTemp: salve !!!!!!!!!!!!!!
[2025.04.26-10.11.33:379][908]LogSlate: FSceneViewport::OnFocusLost() reason 0
[2025.04.26-10.11.33:491][913]LogBlueprintUserMessages: Early EndPlayMap Detection: Level '/Game/ThirdPersonCPP/Maps/ThirdPersonExampleMap.ThirdPersonExampleMap:PersistentLevel' has LevelScriptBlueprint '/Game/ThirdPersonCPP/Maps/ThirdPersonExampleMap.ThirdPersonExampleMap:PersistentLevel.ThirdPersonExampleMap' with GeneratedClass '/Game/ThirdPersonCPP/Maps/ThirdPersonExampleMap.ThirdPersonExampleMap_C' with ClassGeneratedBy '/Game/ThirdPersonCPP/Maps/ThirdPersonExampleMap.ThirdPersonExampleMap:PersistentLevel.ThirdPersonExampleMap'
[2025.04.26-10.11.33:493][913]LogSlate: Updating window title bar state: overlay mode, drag disabled, window buttons hidden, title bar hidden
[2025.04.26-10.11.33:531][913]LogPlayLevel: Display: Shutting down PIE online subsystems
[2025.04.26-10.11.33:531][913]LogBlueprintUserMessages: Late EndPlayMap Detection: Level '/Game/ThirdPersonCPP/Maps/ThirdPersonExampleMap.ThirdPersonExampleMap:PersistentLevel' has LevelScriptBlueprint '/Game/ThirdPersonCPP/Maps/ThirdPersonExampleMap.ThirdPersonExampleMap:PersistentLevel.ThirdPersonExampleMap' with GeneratedClass '/Game/ThirdPersonCPP/Maps/ThirdPersonExampleMap.ThirdPersonExampleMap_C' with ClassGeneratedBy '/Game/ThirdPersonCPP/Maps/ThirdPersonExampleMap.ThirdPersonExampleMap:PersistentLevel.ThirdPersonExampleMap'
[2025.04.26-10.11.33:558][913]LogSlate: Updating window title bar state: overlay mode, drag disabled, window buttons hidden, title bar hidden
[2025.04.26-10.11.33:639][915]LogPlayLevel: Display: Destroying online subsystem :Context_4
